<?xml version="1.0" encoding="UTF-8"?>
<!-- Generated by org.testng.reporters.JUnitReportReporter -->
<testsuite hostname="LAPTOP-FHPDMER9" failures="0" tests="1" name="testNgPack.TestNgClass" time="0.006" errors="0" timestamp="2023-03-16T18:53:43 IST" skipped="0">
  <testcase classname="testNgPack.TestNgClass" name="test" time="0.006"/>
  <system-out/>
</testsuite> <!-- testNgPack.TestNgClass -->
