<?xml version="1.0" encoding="UTF-8"?>
<!-- Generated by org.testng.reporters.JUnitReportReporter -->
<testsuite hostname="LAPTOP-FHPDMER9" failures="0" tests="1" name="elctronicTestClass.TestClassElectronics" time="53.555" errors="0" timestamp="2023-04-02T15:54:57 IST" skipped="0">
  <testcase classname="elctronicTestClass.TestClassElectronics" name="VerifyPowerBankPage" time="53.555"/>
  <system-out/>
</testsuite> <!-- elctronicTestClass.TestClassElectronics -->
